<?xml version="1.0" encoding="UTF-8"?>
<testsuite name="com.stackspot.content.techinterview.AlgorithmsTest" tests="2" skipped="0" failures="0" errors="0" timestamp="2023-05-02T17:28:38" hostname="ZUP-4060" time="0.019">
  <properties/>
  <testcase name="GetMiddleTests()" classname="com.stackspot.content.techinterview.AlgorithmsTest" time="0.016"/>
  <testcase name="GetSumTests()" classname="com.stackspot.content.techinterview.AlgorithmsTest" time="0.001"/>
  <system-out><![CDATA[]]></system-out>
  <system-err><![CDATA[]]></system-err>
</testsuite>
